# JRE version: Java(TM) SE Runtime Environment Oracle GraalVM 17.0.10+11.1 (17.0.10+11) (build 17.0.10+11-LTS-jvmci-23.0-b27)
# Java VM: Java HotSpot(TM) 64-Bit Server VM Oracle GraalVM 17.0.10+11.1 (17.0.10+11-LTS-jvmci-23.0-b27, mixed mode, sharing, tiered, jvmci, jvmci compiler, compressed oops, compressed class ptrs, g1 gc, windows-amd64)
GC Precious Log:
 CPUs: 12 total, 12 available
 Memory: 16241M
 Large Page Support: Disabled
 NUMA Support: Disabled
 Compressed Oops: Enabled (Zero based)
 Heap Region Size: 2M
 Heap Min Capacity: 8M
 Heap Initial Capacity: 254M
 Heap Max Capacity: 4062M
 Pre-touch: Disabled
 Parallel Workers: 10
 Concurrent Workers: 3
 Concurrent Refinement Workers: 10
 Periodic GC: Disabled
Heap:
 garbage-first heap   total 61440K, used 25442K [0x0000000702200000, 0x0000000800000000)
  region size 2048K, 7 young (14336K), 2 survivors (4096K)
 Metaspace       used 38253K, committed 38656K, reserved 1114112K
  class space    used 4742K, committed 4928K, reserved 1048576K
GC Heap History (14 events):
Event: 0.327 GC heap before
{Heap before GC invocations=0 (full 0):
 garbage-first heap   total 260096K, used 20480K [0x0000000702200000, 0x0000000800000000)
  region size 2048K, 11 young (22528K), 0 survivors (0K)
 Metaspace       used 4577K, committed 4736K, reserved 1114112K
  class space    used 487K, committed 576K, reserved 1048576K
}
Event: 0.329 GC heap after
{Heap after GC invocations=1 (full 0):
 garbage-first heap   total 260096K, used 6512K [0x0000000702200000, 0x0000000800000000)
  region size 2048K, 2 young (4096K), 2 survivors (4096K)
 Metaspace       used 4577K, committed 4736K, reserved 1114112K
  class space    used 487K, committed 576K, reserved 1048576K
}
Event: 0.633 GC heap before
{Heap before GC invocations=1 (full 0):
 garbage-first heap   total 260096K, used 31088K [0x0000000702200000, 0x0000000800000000)
  region size 2048K, 14 young (28672K), 2 survivors (4096K)
 Metaspace       used 10222K, committed 10432K, reserved 1114112K
  class space    used 1228K, committed 1344K, reserved 1048576K
}
Event: 0.635 GC heap after
{Heap after GC invocations=2 (full 0):
 garbage-first heap   total 260096K, used 7944K [0x0000000702200000, 0x0000000800000000)
  region size 2048K, 1 young (2048K), 1 survivors (2048K)
 Metaspace       used 10222K, committed 10432K, reserved 1114112K
  class space    used 1228K, committed 1344K, reserved 1048576K
}
Event: 1.035 GC heap before
{Heap before GC invocations=2 (full 0):
 garbage-first heap   total 260096K, used 71432K [0x0000000702200000, 0x0000000800000000)
  region size 2048K, 33 young (67584K), 1 survivors (2048K)
 Metaspace       used 21209K, committed 21504K, reserved 1114112K
  class space    used 2598K, committed 2752K, reserved 1048576K
}
Event: 1.039 GC heap after
{Heap after GC invocations=3 (full 0):
 garbage-first heap   total 260096K, used 14436K [0x0000000702200000, 0x0000000800000000)
  region size 2048K, 4 young (8192K), 4 survivors (8192K)
 Metaspace       used 21209K, committed 21504K, reserved 1114112K
  class space    used 2598K, committed 2752K, reserved 1048576K
}
Event: 1.435 GC heap before
{Heap before GC invocations=4 (full 0):
 garbage-first heap   total 61440K, used 43108K [0x0000000702200000, 0x0000000800000000)
  region size 2048K, 18 young (36864K), 4 survivors (8192K)
 Metaspace       used 27953K, committed 28288K, reserved 1114112K
  class space    used 3429K, committed 3584K, reserved 1048576K
}
Event: 1.440 GC heap after
{Heap after GC invocations=5 (full 0):
 garbage-first heap   total 61440K, used 15409K [0x0000000702200000, 0x0000000800000000)
  region size 2048K, 2 young (4096K), 2 survivors (4096K)
 Metaspace       used 27953K, committed 28288K, reserved 1114112K
  class space    used 3429K, committed 3584K, reserved 1048576K
}
Event: 1.468 GC heap before
{Heap before GC invocations=5 (full 0):
 garbage-first heap   total 61440K, used 17457K [0x0000000702200000, 0x0000000800000000)
  region size 2048K, 3 young (6144K), 2 survivors (4096K)
 Metaspace       used 28355K, committed 28672K, reserved 1114112K
  class space    used 3476K, committed 3648K, reserved 1048576K
}
Event: 1.471 GC heap after
{Heap after GC invocations=6 (full 0):
 garbage-first heap   total 61440K, used 15584K [0x0000000702200000, 0x0000000800000000)
  region size 2048K, 1 young (2048K), 1 survivors (2048K)
 Metaspace       used 28355K, committed 28672K, reserved 1114112K
  class space    used 3476K, committed 3648K, reserved 1048576K
}
Event: 1.776 GC heap before
{Heap before GC invocations=6 (full 0):
 garbage-first heap   total 61440K, used 38112K [0x0000000702200000, 0x0000000800000000)
  region size 2048K, 13 young (26624K), 1 survivors (2048K)
 Metaspace       used 32824K, committed 33216K, reserved 1114112K
  class space    used 4045K, committed 4224K, reserved 1048576K
}
Event: 1.778 GC heap after
{Heap after GC invocations=7 (full 0):
 garbage-first heap   total 61440K, used 17197K [0x0000000702200000, 0x0000000800000000)
  region size 2048K, 2 young (4096K), 2 survivors (4096K)
 Metaspace       used 32824K, committed 33216K, reserved 1114112K
  class space    used 4045K, committed 4224K, reserved 1048576K
}
Event: 2.044 GC heap before
{Heap before GC invocations=7 (full 0):
 garbage-first heap   total 61440K, used 37677K [0x0000000702200000, 0x0000000800000000)
  region size 2048K, 13 young (26624K), 2 survivors (4096K)
 Metaspace       used 35835K, committed 36288K, reserved 1114112K
  class space    used 4430K, committed 4672K, reserved 1048576K
}
Event: 2.046 GC heap after
{Heap after GC invocations=8 (full 0):
 garbage-first heap   total 61440K, used 19298K [0x0000000702200000, 0x0000000800000000)
  region size 2048K, 2 young (4096K), 2 survivors (4096K)
 Metaspace       used 35835K, committed 36288K, reserved 1114112K
  class space    used 4430K, committed 4672K, reserved 1048576K
}

